android_examples/build-16_ActivityThreads-Android_Qt_5_12_6_Clang_armeabi_v7a_b6d8de-Debug/android-build/build/outputs/logs/manifest-merger-debug-report.txt
-- Merging decision tree log ---
manifest
ADDED from build-16_ActivityThreads-Android_Qt_5_12_6_Clang_armeabi_v7a_b6d8de-Debug/android-build/AndroidManifest.xml:2:1-114:12
INJECTED from build-16_ActivityThreads-Android_Qt_5_12_6_Clang_armeabi_v7a_b6d8de-Debug/android-build/AndroidManifest.xml:2:1-114:12
INJECTED from build-16_ActivityThreads-Android_Qt_5_12_6_Clang_armeabi_v7a_b6d8de-Debug/android-build/AndroidManifest.xml:2:1-114:12
MERGED from [:armeabi-v7a/fpvlibrary-v1.0.3:] AndroidManifest.xml:2:1-12:12
MERGED from [androidx.appcompat:appcompat:1.2.0] AndroidManifest.xml:17:1-24:12
MERGED from [androidx.cursoradapter:cursoradapter:1.0.0] AndroidManifest.xml:17:1-22:12
MERGED from [androidx.fragment:fragment:1.1.0] AndroidManifest.xml:17:1-24:12
MERGED from [androidx.appcompat:appcompat-resources:1.2.0] AndroidManifest.xml:17:1-24:12
MERGED from [androidx.drawerlayout:drawerlayout:1.0.0] AndroidManifest.xml:17:1-22:12
MERGED from [androidx.viewpager:viewpager:1.0.0] AndroidManifest.xml:17:1-22:12
MERGED from [androidx.loader:loader:1.0.0] AndroidManifest.xml:17:1-22:12
MERGED from [androidx.activity:activity:1.0.0] AndroidManifest.xml:17:1-24:12
MERGED from [androidx.vectordrawable:vectordrawable-animated:1.1.0] AndroidManifest.xml:17:1-24:12
MERGED from [androidx.vectordrawable:vectordrawable:1.1.0] AndroidManifest.xml:17:1-24:12
MERGED from [androidx.customview:customview:1.0.0] AndroidManifest.xml:17:1-22:12
MERGED from [androidx.savedstate:savedstate:1.0.0] AndroidManifest.xml:17:1-24:12
MERGED from [androidx.interpolator:interpolator:1.0.0] AndroidManifest.xml:17:1-22:12
MERGED from [androidx.lifecycle:lifecycle-livedata:2.0.0] AndroidManifest.xml:17:1-22:12
MERGED from [androidx.lifecycle:lifecycle-livedata-core:2.0.0] AndroidManifest.xml:17:1-22:12
MERGED from [androidx.arch.core:core-runtime:2.0.0] AndroidManifest.xml:17:1-22:12
MERGED from [androidx.core:core:1.3.0] AndroidManifest.xml:17:1-26:12
MERGED from [androidx.versionedparcelable:versionedparcelable:1.1.0] AndroidManifest.xml:17:1-27:12
MERGED from [androidx.lifecycle:lifecycle-runtime:2.1.0] AndroidManifest.xml:17:1-22:12
MERGED from [androidx.lifecycle:lifecycle-viewmodel:2.1.0] AndroidManifest.xml:17:1-22:12
INJECTED from build-16_ActivityThreads-Android_Qt_5_12_6_Clang_armeabi_v7a_b6d8de-Debug/android-build/AndroidManifest.xml:2:1-114:12
INJECTED from build-16_ActivityThreads-Android_Qt_5_12_6_Clang_armeabi_v7a_b6d8de-Debug/android-build/AndroidManifest.xml:2:1-114:12
	package
		ADDED from build-16_ActivityThreads-Android_Qt_5_12_6_Clang_armeabi_v7a_b6d8de-Debug/android-build/AndroidManifest.xml:2:11-42
	android:versionName
		ADDED from build-16_ActivityThreads-Android_Qt_5_12_6_Clang_armeabi_v7a_b6d8de-Debug/android-build/AndroidManifest.xml:2:102-127
		INJECTED from build-16_ActivityThreads-Android_Qt_5_12_6_Clang_armeabi_v7a_b6d8de-Debug/android-build/AndroidManifest.xml
		INJECTED from build-16_ActivityThreads-Android_Qt_5_12_6_Clang_armeabi_v7a_b6d8de-Debug/android-build/AndroidManifest.xml
	xmlns:android
		ADDED from build-16_ActivityThreads-Android_Qt_5_12_6_Clang_armeabi_v7a_b6d8de-Debug/android-build/AndroidManifest.xml:2:43-101
	android:versionCode
		ADDED from build-16_ActivityThreads-Android_Qt_5_12_6_Clang_armeabi_v7a_b6d8de-Debug/android-build/AndroidManifest.xml:2:128-151
		INJECTED from build-16_ActivityThreads-Android_Qt_5_12_6_Clang_armeabi_v7a_b6d8de-Debug/android-build/AndroidManifest.xml
		INJECTED from build-16_ActivityThreads-Android_Qt_5_12_6_Clang_armeabi_v7a_b6d8de-Debug/android-build/AndroidManifest.xml
	android:installLocation
		ADDED from build-16_ActivityThreads-Android_Qt_5_12_6_Clang_armeabi_v7a_b6d8de-Debug/android-build/AndroidManifest.xml:2:152-182
uses-sdk
ADDED from build-16_ActivityThreads-Android_Qt_5_12_6_Clang_armeabi_v7a_b6d8de-Debug/android-build/AndroidManifest.xml:3:5-73
MERGED from [:armeabi-v7a/fpvlibrary-v1.0.3:] AndroidManifest.xml:7:5-9:41
MERGED from [:armeabi-v7a/fpvlibrary-v1.0.3:] AndroidManifest.xml:7:5-9:41
MERGED from [androidx.appcompat:appcompat:1.2.0] AndroidManifest.xml:20:5-22:41
MERGED from [androidx.appcompat:appcompat:1.2.0] AndroidManifest.xml:20:5-22:41
MERGED from [androidx.cursoradapter:cursoradapter:1.0.0] AndroidManifest.xml:20:5-44
MERGED from [androidx.cursoradapter:cursoradapter:1.0.0] AndroidManifest.xml:20:5-44
MERGED from [androidx.fragment:fragment:1.1.0] AndroidManifest.xml:20:5-22:41
MERGED from [androidx.fragment:fragment:1.1.0] AndroidManifest.xml:20:5-22:41
MERGED from [androidx.appcompat:appcompat-resources:1.2.0] AndroidManifest.xml:20:5-22:41
MERGED from [androidx.appcompat:appcompat-resources:1.2.0] AndroidManifest.xml:20:5-22:41
MERGED from [androidx.drawerlayout:drawerlayout:1.0.0] AndroidManifest.xml:20:5-44
MERGED from [androidx.drawerlayout:drawerlayout:1.0.0] AndroidManifest.xml:20:5-44
MERGED from [androidx.viewpager:viewpager:1.0.0] AndroidManifest.xml:20:5-44
MERGED from [androidx.viewpager:viewpager:1.0.0] AndroidManifest.xml:20:5-44
MERGED from [androidx.loader:loader:1.0.0] AndroidManifest.xml:20:5-44
MERGED from [androidx.loader:loader:1.0.0] AndroidManifest.xml:20:5-44
MERGED from [androidx.activity:activity:1.0.0] AndroidManifest.xml:20:5-22:41
MERGED from [androidx.activity:activity:1.0.0] AndroidManifest.xml:20:5-22:41
MERGED from [androidx.vectordrawable:vectordrawable-animated:1.1.0] AndroidManifest.xml:20:5-22:41
MERGED from [androidx.vectordrawable:vectordrawable-animated:1.1.0] AndroidManifest.xml:20:5-22:41
MERGED from [androidx.vectordrawable:vectordrawable:1.1.0] AndroidManifest.xml:20:5-22:41
MERGED from [androidx.vectordrawable:vectordrawable:1.1.0] AndroidManifest.xml:20:5-22:41
MERGED from [androidx.customview:customview:1.0.0] AndroidManifest.xml:20:5-44
MERGED from [androidx.customview:customview:1.0.0] AndroidManifest.xml:20:5-44
MERGED from [androidx.savedstate:savedstate:1.0.0] AndroidManifest.xml:20:5-22:41
MERGED from [androidx.savedstate:savedstate:1.0.0] AndroidManifest.xml:20:5-22:41
MERGED from [androidx.interpolator:interpolator:1.0.0] AndroidManifest.xml:20:5-44
MERGED from [androidx.interpolator:interpolator:1.0.0] AndroidManifest.xml:20:5-44
MERGED from [androidx.lifecycle:lifecycle-livedata:2.0.0] AndroidManifest.xml:20:5-44
MERGED from [androidx.lifecycle:lifecycle-livedata:2.0.0] AndroidManifest.xml:20:5-44
MERGED from [androidx.lifecycle:lifecycle-livedata-core:2.0.0] AndroidManifest.xml:20:5-44
MERGED from [androidx.lifecycle:lifecycle-livedata-core:2.0.0] AndroidManifest.xml:20:5-44
MERGED from [androidx.arch.core:core-runtime:2.0.0] AndroidManifest.xml:20:5-44
MERGED from [androidx.arch.core:core-runtime:2.0.0] AndroidManifest.xml:20:5-44
MERGED from [androidx.core:core:1.3.0] AndroidManifest.xml:20:5-22:41
MERGED from [androidx.core:core:1.3.0] AndroidManifest.xml:20:5-22:41
MERGED from [androidx.versionedparcelable:versionedparcelable:1.1.0] AndroidManifest.xml:20:5-22:41
MERGED from [androidx.versionedparcelable:versionedparcelable:1.1.0] AndroidManifest.xml:20:5-22:41
MERGED from [androidx.lifecycle:lifecycle-runtime:2.1.0] AndroidManifest.xml:20:5-44
MERGED from [androidx.lifecycle:lifecycle-runtime:2.1.0] AndroidManifest.xml:20:5-44
MERGED from [androidx.lifecycle:lifecycle-viewmodel:2.1.0] AndroidManifest.xml:20:5-44
MERGED from [androidx.lifecycle:lifecycle-viewmodel:2.1.0] AndroidManifest.xml:20:5-44
	android:targetSdkVersion
		ADDED from build-16_ActivityThreads-Android_Qt_5_12_6_Clang_armeabi_v7a_b6d8de-Debug/android-build/AndroidManifest.xml:3:42-71
	android:minSdkVersion
		ADDED from build-16_ActivityThreads-Android_Qt_5_12_6_Clang_armeabi_v7a_b6d8de-Debug/android-build/AndroidManifest.xml:3:15-41
uses-permission#android.permission.INTERNET
ADDED from build-16_ActivityThreads-Android_Qt_5_12_6_Clang_armeabi_v7a_b6d8de-Debug/android-build/AndroidManifest.xml:7:9-71
	android:name
		ADDED from build-16_ActivityThreads-Android_Qt_5_12_6_Clang_armeabi_v7a_b6d8de-Debug/android-build/AndroidManifest.xml:7:26-68
uses-permission#android.permission.WRITE_EXTERNAL_STORAGE
ADDED from build-16_ActivityThreads-Android_Qt_5_12_6_Clang_armeabi_v7a_b6d8de-Debug/android-build/AndroidManifest.xml:8:5-81
	android:name
		ADDED from build-16_ActivityThreads-Android_Qt_5_12_6_Clang_armeabi_v7a_b6d8de-Debug/android-build/AndroidManifest.xml:8:22-78
uses-permission#android.permission.ACCESS_NETWORK_STATE
ADDED from build-16_ActivityThreads-Android_Qt_5_12_6_Clang_armeabi_v7a_b6d8de-Debug/android-build/AndroidManifest.xml:9:5-79
	android:name
		ADDED from build-16_ActivityThreads-Android_Qt_5_12_6_Clang_armeabi_v7a_b6d8de-Debug/android-build/AndroidManifest.xml:9:22-76
uses-permission#android.permission.ACCESS_WIFI_STATE
ADDED from build-16_ActivityThreads-Android_Qt_5_12_6_Clang_armeabi_v7a_b6d8de-Debug/android-build/AndroidManifest.xml:14:5-75
	android:name
		ADDED from build-16_ActivityThreads-Android_Qt_5_12_6_Clang_armeabi_v7a_b6d8de-Debug/android-build/AndroidManifest.xml:14:22-73
uses-permission#android.permission.CHANGE_WIFI_STATE
ADDED from build-16_ActivityThreads-Android_Qt_5_12_6_Clang_armeabi_v7a_b6d8de-Debug/android-build/AndroidManifest.xml:15:5-75
	android:name
		ADDED from build-16_ActivityThreads-Android_Qt_5_12_6_Clang_armeabi_v7a_b6d8de-Debug/android-build/AndroidManifest.xml:15:22-73
uses-permission#android.permission.CHANGE_NETWORK_STATE
ADDED from build-16_ActivityThreads-Android_Qt_5_12_6_Clang_armeabi_v7a_b6d8de-Debug/android-build/AndroidManifest.xml:16:5-78
	android:name
		ADDED from build-16_ActivityThreads-Android_Qt_5_12_6_Clang_armeabi_v7a_b6d8de-Debug/android-build/AndroidManifest.xml:16:22-76
uses-permission#android.permission.FOREGROUND_SERVICE
ADDED from build-16_ActivityThreads-Android_Qt_5_12_6_Clang_armeabi_v7a_b6d8de-Debug/android-build/AndroidManifest.xml:18:5-76
	android:name
		ADDED from build-16_ActivityThreads-Android_Qt_5_12_6_Clang_armeabi_v7a_b6d8de-Debug/android-build/AndroidManifest.xml:18:22-74
uses-feature#android.hardware.usb.host
ADDED from build-16_ActivityThreads-Android_Qt_5_12_6_Clang_armeabi_v7a_b6d8de-Debug/android-build/AndroidManifest.xml:19:5-61
	android:name
		ADDED from build-16_ActivityThreads-Android_Qt_5_12_6_Clang_armeabi_v7a_b6d8de-Debug/android-build/AndroidManifest.xml:19:19-59
uses-feature#0x00020000
ADDED from build-16_ActivityThreads-Android_Qt_5_12_6_Clang_armeabi_v7a_b6d8de-Debug/android-build/AndroidManifest.xml:24:9-82
	android:glEsVersion
		ADDED from build-16_ActivityThreads-Android_Qt_5_12_6_Clang_armeabi_v7a_b6d8de-Debug/android-build/AndroidManifest.xml:24:23-55
	android:required
		ADDED from build-16_ActivityThreads-Android_Qt_5_12_6_Clang_armeabi_v7a_b6d8de-Debug/android-build/AndroidManifest.xml:24:56-79
supports-screens
ADDED from build-16_ActivityThreads-Android_Qt_5_12_6_Clang_armeabi_v7a_b6d8de-Debug/android-build/AndroidManifest.xml:26:5-135
	android:largeScreens
		ADDED from build-16_ActivityThreads-Android_Qt_5_12_6_Clang_armeabi_v7a_b6d8de-Debug/android-build/AndroidManifest.xml:26:23-50
	android:smallScreens
		ADDED from build-16_ActivityThreads-Android_Qt_5_12_6_Clang_armeabi_v7a_b6d8de-Debug/android-build/AndroidManifest.xml:26:106-133
	android:normalScreens
		ADDED from build-16_ActivityThreads-Android_Qt_5_12_6_Clang_armeabi_v7a_b6d8de-Debug/android-build/AndroidManifest.xml:26:51-79
	android:anyDensity
		ADDED from build-16_ActivityThreads-Android_Qt_5_12_6_Clang_armeabi_v7a_b6d8de-Debug/android-build/AndroidManifest.xml:26:80-105
application
ADDED from build-16_ActivityThreads-Android_Qt_5_12_6_Clang_armeabi_v7a_b6d8de-Debug/android-build/AndroidManifest.xml:28:5-112:19
MERGED from [androidx.core:core:1.3.0] AndroidManifest.xml:24:5-89
MERGED from [androidx.core:core:1.3.0] AndroidManifest.xml:24:5-89
MERGED from [androidx.versionedparcelable:versionedparcelable:1.1.0] AndroidManifest.xml:24:5-25:19
MERGED from [androidx.versionedparcelable:versionedparcelable:1.1.0] AndroidManifest.xml:24:5-25:19
	android:appComponentFactory
		ADDED from [androidx.core:core:1.3.0] AndroidManifest.xml:24:18-86
	android:label
		ADDED from build-16_ActivityThreads-Android_Qt_5_12_6_Clang_armeabi_v7a_b6d8de-Debug/android-build/AndroidManifest.xml:28:117-151
	android:hardwareAccelerated
		ADDED from build-16_ActivityThreads-Android_Qt_5_12_6_Clang_armeabi_v7a_b6d8de-Debug/android-build/AndroidManifest.xml:28:18-52
	android:name
		ADDED from build-16_ActivityThreads-Android_Qt_5_12_6_Clang_armeabi_v7a_b6d8de-Debug/android-build/AndroidManifest.xml:28:53-116
activity#org.qtproject.example.VideoReceiveAndSendActivity
ADDED from build-16_ActivityThreads-Android_Qt_5_12_6_Clang_armeabi_v7a_b6d8de-Debug/android-build/AndroidManifest.xml:29:9-91:20
	android:screenOrientation
		ADDED from build-16_ActivityThreads-Android_Qt_5_12_6_Clang_armeabi_v7a_b6d8de-Debug/android-build/AndroidManifest.xml:29:289-328
	android:label
		ADDED from build-16_ActivityThreads-Android_Qt_5_12_6_Clang_armeabi_v7a_b6d8de-Debug/android-build/AndroidManifest.xml:29:254-288
	android:launchMode
		ADDED from build-16_ActivityThreads-Android_Qt_5_12_6_Clang_armeabi_v7a_b6d8de-Debug/android-build/AndroidManifest.xml:29:329-359
	android:configChanges
		ADDED from build-16_ActivityThreads-Android_Qt_5_12_6_Clang_armeabi_v7a_b6d8de-Debug/android-build/AndroidManifest.xml:29:19-188
	android:name
		ADDED from build-16_ActivityThreads-Android_Qt_5_12_6_Clang_armeabi_v7a_b6d8de-Debug/android-build/AndroidManifest.xml:29:189-253
intent-filter#action:name:android.hardware.usb.action.USB_DEVICE_ATTACHED+action:name:android.intent.action.MAIN+category:name:android.intent.category.LAUNCHER
ADDED from build-16_ActivityThreads-Android_Qt_5_12_6_Clang_armeabi_v7a_b6d8de-Debug/android-build/AndroidManifest.xml:30:13-34:29
action#android.intent.action.MAIN
ADDED from build-16_ActivityThreads-Android_Qt_5_12_6_Clang_armeabi_v7a_b6d8de-Debug/android-build/AndroidManifest.xml:31:17-68
	android:name
		ADDED from build-16_ActivityThreads-Android_Qt_5_12_6_Clang_armeabi_v7a_b6d8de-Debug/android-build/AndroidManifest.xml:31:25-66
category#android.intent.category.LAUNCHER
ADDED from build-16_ActivityThreads-Android_Qt_5_12_6_Clang_armeabi_v7a_b6d8de-Debug/android-build/AndroidManifest.xml:32:17-76
	android:name
		ADDED from build-16_ActivityThreads-Android_Qt_5_12_6_Clang_armeabi_v7a_b6d8de-Debug/android-build/AndroidManifest.xml:32:27-74
action#android.hardware.usb.action.USB_DEVICE_ATTACHED
ADDED from build-16_ActivityThreads-Android_Qt_5_12_6_Clang_armeabi_v7a_b6d8de-Debug/android-build/AndroidManifest.xml:33:18-90
	android:name
		ADDED from build-16_ActivityThreads-Android_Qt_5_12_6_Clang_armeabi_v7a_b6d8de-Debug/android-build/AndroidManifest.xml:33:26-88
meta-data#android.hardware.usb.action.USB_DEVICE_ATTACHED
ADDED from build-16_ActivityThreads-Android_Qt_5_12_6_Clang_armeabi_v7a_b6d8de-Debug/android-build/AndroidManifest.xml:35:13-126
	android:resource
		ADDED from build-16_ActivityThreads-Android_Qt_5_12_6_Clang_armeabi_v7a_b6d8de-Debug/android-build/AndroidManifest.xml:35:87-124
	android:name
		ADDED from build-16_ActivityThreads-Android_Qt_5_12_6_Clang_armeabi_v7a_b6d8de-Debug/android-build/AndroidManifest.xml:35:24-86
meta-data#android.app.lib_name
ADDED from build-16_ActivityThreads-Android_Qt_5_12_6_Clang_armeabi_v7a_b6d8de-Debug/android-build/AndroidManifest.xml:39:13-96
	android:value
		ADDED from build-16_ActivityThreads-Android_Qt_5_12_6_Clang_armeabi_v7a_b6d8de-Debug/android-build/AndroidManifest.xml:39:60-94
	android:name
		ADDED from build-16_ActivityThreads-Android_Qt_5_12_6_Clang_armeabi_v7a_b6d8de-Debug/android-build/AndroidManifest.xml:39:24-59
meta-data#android.app.qt_sources_resource_id
ADDED from build-16_ActivityThreads-Android_Qt_5_12_6_Clang_armeabi_v7a_b6d8de-Debug/android-build/AndroidManifest.xml:40:13-112
	android:resource
		ADDED from build-16_ActivityThreads-Android_Qt_5_12_6_Clang_armeabi_v7a_b6d8de-Debug/android-build/AndroidManifest.xml:40:74-110
	android:name
		ADDED from build-16_ActivityThreads-Android_Qt_5_12_6_Clang_armeabi_v7a_b6d8de-Debug/android-build/AndroidManifest.xml:40:24-73
meta-data#android.app.repository
ADDED from build-16_ActivityThreads-Android_Qt_5_12_6_Clang_armeabi_v7a_b6d8de-Debug/android-build/AndroidManifest.xml:41:13-87
	android:value
		ADDED from build-16_ActivityThreads-Android_Qt_5_12_6_Clang_armeabi_v7a_b6d8de-Debug/android-build/AndroidManifest.xml:41:62-85
	android:name
		ADDED from build-16_ActivityThreads-Android_Qt_5_12_6_Clang_armeabi_v7a_b6d8de-Debug/android-build/AndroidManifest.xml:41:24-61
meta-data#android.app.qt_libs_resource_id
ADDED from build-16_ActivityThreads-Android_Qt_5_12_6_Clang_armeabi_v7a_b6d8de-Debug/android-build/AndroidManifest.xml:42:13-106
	android:resource
		ADDED from build-16_ActivityThreads-Android_Qt_5_12_6_Clang_armeabi_v7a_b6d8de-Debug/android-build/AndroidManifest.xml:42:71-104
	android:name
		ADDED from build-16_ActivityThreads-Android_Qt_5_12_6_Clang_armeabi_v7a_b6d8de-Debug/android-build/AndroidManifest.xml:42:24-70
meta-data#android.app.bundled_libs_resource_id
ADDED from build-16_ActivityThreads-Android_Qt_5_12_6_Clang_armeabi_v7a_b6d8de-Debug/android-build/AndroidManifest.xml:43:13-116
	android:resource
		ADDED from build-16_ActivityThreads-Android_Qt_5_12_6_Clang_armeabi_v7a_b6d8de-Debug/android-build/AndroidManifest.xml:43:76-114
	android:name
		ADDED from build-16_ActivityThreads-Android_Qt_5_12_6_Clang_armeabi_v7a_b6d8de-Debug/android-build/AndroidManifest.xml:43:24-75
meta-data#android.app.bundle_local_qt_libs
ADDED from build-16_ActivityThreads-Android_Qt_5_12_6_Clang_armeabi_v7a_b6d8de-Debug/android-build/AndroidManifest.xml:45:13-91
	android:value
		ADDED from build-16_ActivityThreads-Android_Qt_5_12_6_Clang_armeabi_v7a_b6d8de-Debug/android-build/AndroidManifest.xml:45:72-89
	android:name
		ADDED from build-16_ActivityThreads-Android_Qt_5_12_6_Clang_armeabi_v7a_b6d8de-Debug/android-build/AndroidManifest.xml:45:24-71
meta-data#android.app.bundled_in_lib_resource_id
ADDED from build-16_ActivityThreads-Android_Qt_5_12_6_Clang_armeabi_v7a_b6d8de-Debug/android-build/AndroidManifest.xml:46:13-120
	android:resource
		ADDED from build-16_ActivityThreads-Android_Qt_5_12_6_Clang_armeabi_v7a_b6d8de-Debug/android-build/AndroidManifest.xml:46:78-118
	android:name
		ADDED from build-16_ActivityThreads-Android_Qt_5_12_6_Clang_armeabi_v7a_b6d8de-Debug/android-build/AndroidManifest.xml:46:24-77
meta-data#android.app.bundled_in_assets_resource_id
ADDED from build-16_ActivityThreads-Android_Qt_5_12_6_Clang_armeabi_v7a_b6d8de-Debug/android-build/AndroidManifest.xml:47:13-126
	android:resource
		ADDED from build-16_ActivityThreads-Android_Qt_5_12_6_Clang_armeabi_v7a_b6d8de-Debug/android-build/AndroidManifest.xml:47:81-124
	android:name
		ADDED from build-16_ActivityThreads-Android_Qt_5_12_6_Clang_armeabi_v7a_b6d8de-Debug/android-build/AndroidManifest.xml:47:24-80
meta-data#android.app.use_local_qt_libs
ADDED from build-16_ActivityThreads-Android_Qt_5_12_6_Clang_armeabi_v7a_b6d8de-Debug/android-build/AndroidManifest.xml:49:13-88
	android:value
		ADDED from build-16_ActivityThreads-Android_Qt_5_12_6_Clang_armeabi_v7a_b6d8de-Debug/android-build/AndroidManifest.xml:49:69-86
	android:name
		ADDED from build-16_ActivityThreads-Android_Qt_5_12_6_Clang_armeabi_v7a_b6d8de-Debug/android-build/AndroidManifest.xml:49:24-68
meta-data#android.app.libs_prefix
ADDED from build-16_ActivityThreads-Android_Qt_5_12_6_Clang_armeabi_v7a_b6d8de-Debug/android-build/AndroidManifest.xml:50:13-100
	android:value
		ADDED from build-16_ActivityThreads-Android_Qt_5_12_6_Clang_armeabi_v7a_b6d8de-Debug/android-build/AndroidManifest.xml:50:63-98
	android:name
		ADDED from build-16_ActivityThreads-Android_Qt_5_12_6_Clang_armeabi_v7a_b6d8de-Debug/android-build/AndroidManifest.xml:50:24-62
meta-data#android.app.load_local_libs
ADDED from build-16_ActivityThreads-Android_Qt_5_12_6_Clang_armeabi_v7a_b6d8de-Debug/android-build/AndroidManifest.xml:51:13-193
	android:value
		ADDED from build-16_ActivityThreads-Android_Qt_5_12_6_Clang_armeabi_v7a_b6d8de-Debug/android-build/AndroidManifest.xml:51:67-191
	android:name
		ADDED from build-16_ActivityThreads-Android_Qt_5_12_6_Clang_armeabi_v7a_b6d8de-Debug/android-build/AndroidManifest.xml:51:24-66
meta-data#android.app.load_local_jars
ADDED from build-16_ActivityThreads-Android_Qt_5_12_6_Clang_armeabi_v7a_b6d8de-Debug/android-build/AndroidManifest.xml:52:13-150
	android:value
		ADDED from build-16_ActivityThreads-Android_Qt_5_12_6_Clang_armeabi_v7a_b6d8de-Debug/android-build/AndroidManifest.xml:52:67-148
	android:name
		ADDED from build-16_ActivityThreads-Android_Qt_5_12_6_Clang_armeabi_v7a_b6d8de-Debug/android-build/AndroidManifest.xml:52:24-66
meta-data#android.app.static_init_classes
ADDED from build-16_ActivityThreads-Android_Qt_5_12_6_Clang_armeabi_v7a_b6d8de-Debug/android-build/AndroidManifest.xml:53:13-89
	android:value
		ADDED from build-16_ActivityThreads-Android_Qt_5_12_6_Clang_armeabi_v7a_b6d8de-Debug/android-build/AndroidManifest.xml:53:71-87
	android:name
		ADDED from build-16_ActivityThreads-Android_Qt_5_12_6_Clang_armeabi_v7a_b6d8de-Debug/android-build/AndroidManifest.xml:53:24-70
meta-data#android.app.ministro_not_found_msg
ADDED from build-16_ActivityThreads-Android_Qt_5_12_6_Clang_armeabi_v7a_b6d8de-Debug/android-build/AndroidManifest.xml:57:13-122
	android:value
		ADDED from build-16_ActivityThreads-Android_Qt_5_12_6_Clang_armeabi_v7a_b6d8de-Debug/android-build/AndroidManifest.xml:57:24-70
	android:name
		ADDED from build-16_ActivityThreads-Android_Qt_5_12_6_Clang_armeabi_v7a_b6d8de-Debug/android-build/AndroidManifest.xml:57:71-120
meta-data#android.app.ministro_needed_msg
ADDED from build-16_ActivityThreads-Android_Qt_5_12_6_Clang_armeabi_v7a_b6d8de-Debug/android-build/AndroidManifest.xml:58:13-116
	android:value
		ADDED from build-16_ActivityThreads-Android_Qt_5_12_6_Clang_armeabi_v7a_b6d8de-Debug/android-build/AndroidManifest.xml:58:24-67
	android:name
		ADDED from build-16_ActivityThreads-Android_Qt_5_12_6_Clang_armeabi_v7a_b6d8de-Debug/android-build/AndroidManifest.xml:58:68-114
meta-data#android.app.fatal_error_msg
ADDED from build-16_ActivityThreads-Android_Qt_5_12_6_Clang_armeabi_v7a_b6d8de-Debug/android-build/AndroidManifest.xml:59:13-108
	android:value
		ADDED from build-16_ActivityThreads-Android_Qt_5_12_6_Clang_armeabi_v7a_b6d8de-Debug/android-build/AndroidManifest.xml:59:24-63
	android:name
		ADDED from build-16_ActivityThreads-Android_Qt_5_12_6_Clang_armeabi_v7a_b6d8de-Debug/android-build/AndroidManifest.xml:59:64-106
meta-data#android.app.unsupported_android_version
ADDED from build-16_ActivityThreads-Android_Qt_5_12_6_Clang_armeabi_v7a_b6d8de-Debug/android-build/AndroidManifest.xml:60:13-132
	android:value
		ADDED from build-16_ActivityThreads-Android_Qt_5_12_6_Clang_armeabi_v7a_b6d8de-Debug/android-build/AndroidManifest.xml:60:24-75
	android:name
		ADDED from build-16_ActivityThreads-Android_Qt_5_12_6_Clang_armeabi_v7a_b6d8de-Debug/android-build/AndroidManifest.xml:60:76-130
meta-data#android.app.background_running
ADDED from build-16_ActivityThreads-Android_Qt_5_12_6_Clang_armeabi_v7a_b6d8de-Debug/android-build/AndroidManifest.xml:77:13-93
	android:value
		ADDED from build-16_ActivityThreads-Android_Qt_5_12_6_Clang_armeabi_v7a_b6d8de-Debug/android-build/AndroidManifest.xml:77:70-91
	android:name
		ADDED from build-16_ActivityThreads-Android_Qt_5_12_6_Clang_armeabi_v7a_b6d8de-Debug/android-build/AndroidManifest.xml:77:24-69
meta-data#android.app.auto_screen_scale_factor
ADDED from build-16_ActivityThreads-Android_Qt_5_12_6_Clang_armeabi_v7a_b6d8de-Debug/android-build/AndroidManifest.xml:80:13-99
	android:value
		ADDED from build-16_ActivityThreads-Android_Qt_5_12_6_Clang_armeabi_v7a_b6d8de-Debug/android-build/AndroidManifest.xml:80:76-97
	android:name
		ADDED from build-16_ActivityThreads-Android_Qt_5_12_6_Clang_armeabi_v7a_b6d8de-Debug/android-build/AndroidManifest.xml:80:24-75
meta-data#android.app.extract_android_style
ADDED from build-16_ActivityThreads-Android_Qt_5_12_6_Clang_armeabi_v7a_b6d8de-Debug/android-build/AndroidManifest.xml:89:13-98
	android:value
		ADDED from build-16_ActivityThreads-Android_Qt_5_12_6_Clang_armeabi_v7a_b6d8de-Debug/android-build/AndroidManifest.xml:89:73-96
	android:name
		ADDED from build-16_ActivityThreads-Android_Qt_5_12_6_Clang_armeabi_v7a_b6d8de-Debug/android-build/AndroidManifest.xml:89:24-72
service#org.qtproject.example.DataFlairService
ADDED from build-16_ActivityThreads-Android_Qt_5_12_6_Clang_armeabi_v7a_b6d8de-Debug/android-build/AndroidManifest.xml:92:9-111:19
	android:process
		ADDED from build-16_ActivityThreads-Android_Qt_5_12_6_Clang_armeabi_v7a_b6d8de-Debug/android-build/AndroidManifest.xml:92:72-100
	android:name
		ADDED from build-16_ActivityThreads-Android_Qt_5_12_6_Clang_armeabi_v7a_b6d8de-Debug/android-build/AndroidManifest.xml:92:18-71